{
  "stats": {
    "suites": 1,
    "tests": 5,
    "passes": 5,
    "pending": 0,
    "failures": 0,
    "start": "2023-08-13T13:18:50.104Z",
    "end": "2023-08-13T13:18:50.963Z",
    "duration": 859,
    "testsRegistered": 5,
    "passPercent": 100,
    "pendingPercent": 0,
    "other": 0,
    "hasOther": false,
    "skipped": 0,
    "hasSkipped": false
  },
  "results": [
    {
      "uuid": "d2599be8-d4c2-44b8-8720-97effb5221cf",
      "title": "",
      "fullFile": "D:\\zuhair-sanbercode\\js-automation\\suite\\suites-simplified\\user.suite.js",
      "file": "\\suite\\suites-simplified\\user.suite.js",
      "beforeHooks": [],
      "afterHooks": [],
      "tests": [],
      "suites": [
        {
          "uuid": "7ecf0de7-9275-465d-b426-8e3dffed870d",
          "title": "Authentication feature",
          "fullFile": "D:\\zuhair-sanbercode\\js-automation\\suite\\suites-simplified\\user.suite.js",
          "file": "\\suite\\suites-simplified\\user.suite.js",
          "beforeHooks": [],
          "afterHooks": [],
          "tests": [
            {
              "title": "should get status and body response",
              "fullTitle": "Authentication feature should get status and body response",
              "timedOut": false,
              "duration": 456,
              "state": "passed",
              "speed": "slow",
              "pass": true,
              "fail": false,
              "pending": false,
              "context": null,
              "code": "email = (await response).body.data.email;",
              "err": {},
              "uuid": "7ef9c368-8712-4b45-8446-ffaa395e6b25",
              "parentUUID": "7ecf0de7-9275-465d-b426-8e3dffed870d",
              "isHook": false,
              "skipped": false
            },
            {
              "title": "should get 201 status",
              "fullTitle": "Authentication feature should get 201 status",
              "timedOut": false,
              "duration": 1,
              "state": "passed",
              "speed": "fast",
              "pass": true,
              "fail": false,
              "pending": false,
              "context": null,
              "code": "expect((await response).status).to.eql(201);",
              "err": {},
              "uuid": "74044d38-723d-4f0e-bc21-eaa47e1ddf1c",
              "parentUUID": "7ecf0de7-9275-465d-b426-8e3dffed870d",
              "isHook": false,
              "skipped": false
            },
            {
              "title": "should get 'Toko berhasil didaftarkan' message and valid feedback",
              "fullTitle": "Authentication feature should get 'Toko berhasil didaftarkan' message and valid feedback",
              "timedOut": false,
              "duration": 2,
              "state": "passed",
              "speed": "fast",
              "pass": true,
              "fail": false,
              "pending": false,
              "context": null,
              "code": "expect((await response).body.status).to.eql(\"success\");\nexpect((await response).body.message).to.eql(\"Toko berhasil didaftarkan\");\nexpect((await response).body.data.name).to.be.a('string').and.to.have.lengthOf.at.least(1, \"value should not be empty!\")\nexpect((await response).body.data.email).to.be.a('string').and.to.have.lengthOf.at.least(1, \"value should not be empty!\")",
              "err": {},
              "uuid": "1b4d4247-bc6a-4b10-abeb-554ee91b090d",
              "parentUUID": "7ecf0de7-9275-465d-b426-8e3dffed870d",
              "isHook": false,
              "skipped": false
            },
            {
              "title": "should get the same email and name values as user.data.json -Data Driven Testing-",
              "fullTitle": "Authentication feature should get the same email and name values as user.data.json -Data Driven Testing-",
              "timedOut": false,
              "duration": 1,
              "state": "passed",
              "speed": "fast",
              "pass": true,
              "fail": false,
              "pending": false,
              "context": null,
              "code": "const jsonData = JSON.parse(fs.readFileSync(jsonPath, 'utf8'));\nexpect((await response).body.data.name).to.eql(jsonData.name);\nexpect((await response).body.data.email).to.eql(jsonData.email);",
              "err": {},
              "uuid": "7adf4e62-8cfa-4de0-ac11-2cba9ea005d5",
              "parentUUID": "7ecf0de7-9275-465d-b426-8e3dffed870d",
              "isHook": false,
              "skipped": false
            },
            {
              "title": "should success login and get token",
              "fullTitle": "Authentication feature should success login and get token",
              "timedOut": false,
              "duration": 385,
              "state": "passed",
              "speed": "slow",
              "pass": true,
              "fail": false,
              "pending": false,
              "context": null,
              "code": "const response = request(config.baseUrlKA).post(\"/authentications\").send(auth);\ntoken = (await response).body.data.accessToken;\nunitId = (await response).body.data.user.id;\nexpect((await response).status).to.eql(201);\nexpect((await response).body.message).to.eql(\"Authentication berhasil ditambahkan\");\nexpect((await response).body.data.user.name).to.be.a('string').and.to.have.lengthOf.at.least(1, \"value should not be empty!\")",
              "err": {},
              "uuid": "68ed2aca-9b89-4460-800e-18774f4735d1",
              "parentUUID": "7ecf0de7-9275-465d-b426-8e3dffed870d",
              "isHook": false,
              "skipped": false
            }
          ],
          "suites": [],
          "passes": [
            "7ef9c368-8712-4b45-8446-ffaa395e6b25",
            "74044d38-723d-4f0e-bc21-eaa47e1ddf1c",
            "1b4d4247-bc6a-4b10-abeb-554ee91b090d",
            "7adf4e62-8cfa-4de0-ac11-2cba9ea005d5",
            "68ed2aca-9b89-4460-800e-18774f4735d1"
          ],
          "failures": [],
          "pending": [],
          "skipped": [],
          "duration": 845,
          "root": false,
          "rootEmpty": false,
          "_timeout": 2000
        }
      ],
      "passes": [],
      "failures": [],
      "pending": [],
      "skipped": [],
      "duration": 0,
      "root": true,
      "rootEmpty": true,
      "_timeout": 2000
    }
  ],
  "meta": {
    "mocha": {
      "version": "10.2.0"
    },
    "mochawesome": {
      "options": {
        "quiet": false,
        "reportFilename": "mochawesome",
        "saveHtml": true,
        "saveJson": true,
        "consoleReporter": "spec",
        "useInlineDiffs": false,
        "code": true
      },
      "version": "7.1.3"
    },
    "marge": {
      "options": null,
      "version": "6.2.0"
    }
  }
}